[debug] [2020-09-13T23:17:32.763Z] ----------------------------------------------------------------------
[debug] [2020-09-13T23:17:32.766Z] Command:       /usr/bin/node /home/ht/Development/scss-cleaner/node_modules/.bin/firebase deploy
[debug] [2020-09-13T23:17:32.766Z] CLI Version:   8.10.0
[debug] [2020-09-13T23:17:32.766Z] Platform:      linux
[debug] [2020-09-13T23:17:32.766Z] Node Version:  v14.10.1
[debug] [2020-09-13T23:17:32.767Z] Time:          Mon Sep 14 2020 06:17:32 GMT+0700 (Indochina Time)
[debug] [2020-09-13T23:17:32.767Z] ----------------------------------------------------------------------
[debug] [2020-09-13T23:17:32.767Z] 
[debug] [2020-09-13T23:17:32.776Z] > command requires scopes: ["email","openid","https://www.googleapis.com/auth/cloudplatformprojects.readonly","https://www.googleapis.com/auth/firebase","https://www.googleapis.com/auth/cloud-platform"]
[debug] [2020-09-13T23:17:32.776Z] > authorizing via signed-in user
[debug] [2020-09-13T23:17:32.777Z] [iam] checking project tools-bccb6 for permissions ["firebase.projects.get","firebasehosting.sites.update"]
[debug] [2020-09-13T23:17:32.781Z] >>> HTTP REQUEST POST https://cloudresourcemanager.googleapis.com/v1/projects/tools-bccb6:testIamPermissions  
 {"permissions":["firebase.projects.get","firebasehosting.sites.update"]}
[debug] [2020-09-13T23:17:34.039Z] <<< HTTP RESPONSE 200 {"content-type":"application/json; charset=UTF-8","vary":"X-Origin, Referer, Origin,Accept-Encoding","date":"Sun, 13 Sep 2020 23:17:33 GMT","server":"ESF","cache-control":"private","x-xss-protection":"0","x-frame-options":"SAMEORIGIN","x-content-type-options":"nosniff","server-timing":"gfet4t7; dur=822","alt-svc":"h3-29=\":443\"; ma=2592000,h3-27=\":443\"; ma=2592000,h3-T051=\":443\"; ma=2592000,h3-T050=\":443\"; ma=2592000,h3-Q050=\":443\"; ma=2592000,h3-Q046=\":443\"; ma=2592000,h3-Q043=\":443\"; ma=2592000,quic=\":443\"; ma=2592000; v=\"46,43\"","accept-ranges":"none","transfer-encoding":"chunked"}
[debug] [2020-09-13T23:17:34.045Z] >>> HTTP REQUEST GET https://firebase.googleapis.com/v1beta1/projects/tools-bccb6  
 
[debug] [2020-09-13T23:17:34.798Z] <<< HTTP RESPONSE 200 {"content-type":"application/json; charset=UTF-8","vary":"X-Origin, Referer, Origin,Accept-Encoding","date":"Sun, 13 Sep 2020 23:17:34 GMT","server":"ESF","cache-control":"private","x-xss-protection":"0","x-frame-options":"SAMEORIGIN","x-content-type-options":"nosniff","alt-svc":"h3-29=\":443\"; ma=2592000,h3-27=\":443\"; ma=2592000,h3-T051=\":443\"; ma=2592000,h3-T050=\":443\"; ma=2592000,h3-Q050=\":443\"; ma=2592000,h3-Q046=\":443\"; ma=2592000,h3-Q043=\":443\"; ma=2592000,quic=\":443\"; ma=2592000; v=\"46,43\"","accept-ranges":"none","transfer-encoding":"chunked"}
[info] 
[info] === Deploying to 'tools-bccb6'...
[info] 
[info] i  deploying hosting 
[debug] [2020-09-13T23:17:34.811Z] >>> HTTP REQUEST POST https://firebasehosting.googleapis.com/v1beta1/sites/tools-bccb6/versions  
 {"config":{"rewrites":[{"glob":"**","path":"/index.html"}]},"labels":{"deployment-tool":"cli-firebase"}}
[debug] [2020-09-13T23:17:36.770Z] <<< HTTP RESPONSE 200 {"content-type":"application/json; charset=UTF-8","vary":"X-Origin, Referer, Origin,Accept-Encoding","date":"Sun, 13 Sep 2020 23:17:36 GMT","server":"ESF","cache-control":"private","x-xss-protection":"0","x-frame-options":"SAMEORIGIN","x-content-type-options":"nosniff","alt-svc":"h3-29=\":443\"; ma=2592000,h3-27=\":443\"; ma=2592000,h3-T051=\":443\"; ma=2592000,h3-T050=\":443\"; ma=2592000,h3-Q050=\":443\"; ma=2592000,h3-Q046=\":443\"; ma=2592000,h3-Q043=\":443\"; ma=2592000,quic=\":443\"; ma=2592000; v=\"46,43\"","accept-ranges":"none","transfer-encoding":"chunked"}
[info] i  hosting[tools-bccb6]: beginning deploy... 
[info] i  hosting[tools-bccb6]: found 20 files in build 
[debug] [2020-09-13T23:17:36.797Z] [hosting] hash cache [YnVpbGQ] not populated
[debug] [2020-09-13T23:17:37.677Z] [hosting] hash cache [YnVpbGQ] stored for 20 files
[debug] [2020-09-13T23:17:37.678Z] [hosting][hash queue][FINAL] {"max":866,"min":87,"avg":157.5,"active":0,"complete":20,"success":20,"errored":0,"retried":0,"total":20,"elapsed":880}
[debug] [2020-09-13T23:17:37.679Z] >>> HTTP REQUEST POST https://firebasehosting.googleapis.com/v1beta1/sites/tools-bccb6/versions/e1c310a11e1d7b5b:populateFiles  
 <request body omitted>
[debug] [2020-09-13T23:17:39.214Z] <<< HTTP RESPONSE 200 {"content-type":"application/json; charset=UTF-8","vary":"X-Origin, Referer, Origin,Accept-Encoding","date":"Sun, 13 Sep 2020 23:17:39 GMT","server":"ESF","cache-control":"private","x-xss-protection":"0","x-frame-options":"SAMEORIGIN","x-content-type-options":"nosniff","alt-svc":"h3-29=\":443\"; ma=2592000,h3-27=\":443\"; ma=2592000,h3-T051=\":443\"; ma=2592000,h3-T050=\":443\"; ma=2592000,h3-Q050=\":443\"; ma=2592000,h3-Q046=\":443\"; ma=2592000,h3-Q043=\":443\"; ma=2592000,quic=\":443\"; ma=2592000; v=\"46,43\"","accept-ranges":"none","transfer-encoding":"chunked"}
[debug] [2020-09-13T23:17:39.241Z] [hosting][populate queue][FINAL] {"max":1545,"min":1545,"avg":1545,"active":0,"complete":1,"success":1,"errored":0,"retried":0,"total":1,"elapsed":1566}
[debug] [2020-09-13T23:17:39.241Z] [hosting] uploads queued: 20
